<?xml version="1.0" encoding="UTF-8"?>
<testsuite xmlns:xsi="http://www.w3.org/2001/XMLSchema-instance" xsi:noNamespaceSchemaLocation="https://maven.apache.org/surefire/maven-surefire-plugin/xsd/surefire-test-report-3.0.xsd" version="3.0" name="TestSuite" time="6.774" tests="3" errors="0" skipped="2" failures="1">
  <properties>
[...]
</properties>
  <testcase name="setup[chrome](0)" classname="com.Training.testcases.EndToEndTest" time="5.168">
    <failure message="session not created: This version of ChromeDriver only supports Chrome version 96&#10;Current browser version is 98.0.4758.82 with binary path C:\Program Files (x86)\Google\Chrome\Application\chrome.exe&#10;Build info: version: &apos;3.14.0&apos;, revision: &apos;aacccce0&apos;, time: &apos;2018-08-02T20:19:58.91Z&apos;&#10;System info: host: &apos;RAJARAM&apos;, ip: &apos;172.16.211.1&apos;, os.name: &apos;Windows 10&apos;, os.arch: &apos;amd64&apos;, os.version: &apos;10.0&apos;, java.version: &apos;1.8.0_202&apos;&#10;Driver info: driver.version: ChromeDriver&#10;remote stacktrace: Backtrace:&#10;	Ordinal0 [0x00486903+2517251]&#10;	Ordinal0 [0x0041F8E1+2095329]&#10;	Ordinal0 [0x00322848+1058888]&#10;	Ordinal0 [0x00340B9D+1182621]&#10;	Ordinal0 [0x0033CA60+1165920]&#10;	Ordinal0 [0x0033A2CF+1155791]&#10;	Ordinal0 [0x0036AAAF+1354415]&#10;	Ordinal0 [0x0036A71A+1353498]&#10;	Ordinal0 [0x0036639B+1336219]&#10;	Ordinal0 [0x003427A7+1189799]&#10;	Ordinal0 [0x00343609+1193481]&#10;	GetHandleVerifier [0x00615904+1577972]&#10;	GetHandleVerifier [0x006C0B97+2279047]&#10;	GetHandleVerifier [0x00516D09+534521]&#10;	GetHandleVerifier [0x00515DB9+530601]&#10;	Ordinal0 [0x00424FF9+2117625]&#10;	Ordinal0 [0x004298A8+2136232]&#10;	Ordinal0 [0x004299E2+2136546]&#10;	Ordinal0 [0x00433541+2176321]&#10;	BaseThreadInitThunk [0x76B9FA29+25]&#10;	RtlGetAppContainerNamedObjectPath [0x77877A9E+286]&#10;	RtlGetAppContainerNamedObjectPath [0x77877A6E+238]&#10;" type="org.openqa.selenium.SessionNotCreatedException"><![CDATA[org.openqa.selenium.SessionNotCreatedException: 
session not created: This version of ChromeDriver only supports Chrome version 96
Current browser version is 98.0.4758.82 with binary path C:\Program Files (x86)\Google\Chrome\Application\chrome.exe
Build info: version: '3.14.0', revision: 'aacccce0', time: '2018-08-02T20:19:58.91Z'
System info: host: 'RAJARAM', ip: '172.16.211.1', os.name: 'Windows 10', os.arch: 'amd64', os.version: '10.0', java.version: '1.8.0_202'
Driver info: driver.version: ChromeDriver
remote stacktrace: Backtrace:
	Ordinal0 [0x00486903+2517251]
	Ordinal0 [0x0041F8E1+2095329]
	Ordinal0 [0x00322848+1058888]
	Ordinal0 [0x00340B9D+1182621]
	Ordinal0 [0x0033CA60+1165920]
	Ordinal0 [0x0033A2CF+1155791]
	Ordinal0 [0x0036AAAF+1354415]
	Ordinal0 [0x0036A71A+1353498]
	Ordinal0 [0x0036639B+1336219]
	Ordinal0 [0x003427A7+1189799]
	Ordinal0 [0x00343609+1193481]
	GetHandleVerifier [0x00615904+1577972]
	GetHandleVerifier [0x006C0B97+2279047]
	GetHandleVerifier [0x00516D09+534521]
	GetHandleVerifier [0x00515DB9+530601]
	Ordinal0 [0x00424FF9+2117625]
	Ordinal0 [0x004298A8+2136232]
	Ordinal0 [0x004299E2+2136546]
	Ordinal0 [0x00433541+2176321]
	BaseThreadInitThunk [0x76B9FA29+25]
	RtlGetAppContainerNamedObjectPath [0x77877A9E+286]
	RtlGetAppContainerNamedObjectPath [0x77877A6E+238]

]]></failure>
    <system-err><![CDATA[Starting ChromeDriver 96.0.4664.45 (76e4c1bb2ab4671b8beba3444e61c0f17584b2fc-refs/branch-heads/4664@{#947}) on port 40087
Only local connections are allowed.
Please see https://chromedriver.chromium.org/security-considerations for suggestions on keeping ChromeDriver safe.
ChromeDriver was started successfully.
]]></system-err>
  </testcase>
  <testcase name="endToEndTest" classname="com.Training.testcases.EndToEndTest" time="0">
    <skipped message="session not created: This version of ChromeDriver only supports Chrome version 96&#10;Current browser version is 98.0.4758.82 with binary path C:\Program Files (x86)\Google\Chrome\Application\chrome.exe&#10;Build info: version: &apos;3.14.0&apos;, revision: &apos;aacccce0&apos;, time: &apos;2018-08-02T20:19:58.91Z&apos;&#10;System info: host: &apos;RAJARAM&apos;, ip: &apos;172.16.211.1&apos;, os.name: &apos;Windows 10&apos;, os.arch: &apos;amd64&apos;, os.version: &apos;10.0&apos;, java.version: &apos;1.8.0_202&apos;&#10;Driver info: driver.version: ChromeDriver&#10;remote stacktrace: Backtrace:&#10;	Ordinal0 [0x00486903+2517251]&#10;	Ordinal0 [0x0041F8E1+2095329]&#10;	Ordinal0 [0x00322848+1058888]&#10;	Ordinal0 [0x00340B9D+1182621]&#10;	Ordinal0 [0x0033CA60+1165920]&#10;	Ordinal0 [0x0033A2CF+1155791]&#10;	Ordinal0 [0x0036AAAF+1354415]&#10;	Ordinal0 [0x0036A71A+1353498]&#10;	Ordinal0 [0x0036639B+1336219]&#10;	Ordinal0 [0x003427A7+1189799]&#10;	Ordinal0 [0x00343609+1193481]&#10;	GetHandleVerifier [0x00615904+1577972]&#10;	GetHandleVerifier [0x006C0B97+2279047]&#10;	GetHandleVerifier [0x00516D09+534521]&#10;	GetHandleVerifier [0x00515DB9+530601]&#10;	Ordinal0 [0x00424FF9+2117625]&#10;	Ordinal0 [0x004298A8+2136232]&#10;	Ordinal0 [0x004299E2+2136546]&#10;	Ordinal0 [0x00433541+2176321]&#10;	BaseThreadInitThunk [0x76B9FA29+25]&#10;	RtlGetAppContainerNamedObjectPath [0x77877A9E+286]&#10;	RtlGetAppContainerNamedObjectPath [0x77877A6E+238]&#10;"/>
  </testcase>
  <testcase name="tearDown" classname="com.Training.testcases.EndToEndTest" time="0">
    <skipped/>
  </testcase>
</testsuite>